2022-07-17 08:06:47,400:INFO::=============== Search Args:
Namespace(arch_learning_rate=0.005, arch_weight_decay=1e-05, att_comp_dim=64, attn_vec_dim=128, batch_size=8, batch_size_test=32, cluster_epoch=1, cluster_eps=1e-05, cluster_norm=False, cluster_num=12, clusterupdate_round=1, collapse_regularization=0.1, cuda=False, cur_repeat=0, dataset='ACM', dmon_loss_alpha=0.4, dropout=0.5, e_greedy=0, edge_feats=64, feats_opt='0111', feats_type=6, gnn_model='simpleHGN', grad_clip=5, hidden_dim=64, inner_epoch=1, is_unrolled='False', is_use_SGD='False', is_use_dropout='False', is_use_type_linear='False', l2norm=False, last_hidden_dim=512, logger=<Logger log_output (INFO)>, lr=0.0005, lr_rate_min=3e-05, momentum=0.9, neighbor_samples=100, network_momentum=0.9, no_use_fixseeds=False, num_heads=8, num_layers=2, patience_retrain=30, patience_search=8, repeat=5, retrain_epoch=500, rnn_type='RotatE0', save_postfix='DBLP', schedule_step=350, schedule_step_retrain=500, search_epoch=350, searcher_name='nasp', seed=123, shared_ops=True, slope=0.05, tau=1.0, time_line='2022-07-17-08-06-47', unrolled=False, useSGD=False, useTypeLinear=False, use_5seeds=True, use_adamw=False, use_dmon=True, use_minibatch=False, use_norm=False, use_skip=False, usebn=False, usedropout=False, valid_attributed_type=0, warmup_epoch=0, weight_decay=0.0001)
2022-07-17 08:06:51,901:INFO::node_type_num: 4
2022-07-17 08:06:55,194:INFO::=============== Prepare basic data stage finish, use 7.793997526168823 time.
2022-07-17 08:07:24,612:INFO::save_dir_name: simpleHGN_nasp_egreedy0_C12_useDmon_coef0.4_Adam_gcn.ppnp.mean.one-hot_noTypeLinear_011_64_shared_ops_lr0.0005_wd0.0001_use5seeds_use_adam_patience-8_30_not_use_skip
2022-07-17 08:07:24,712:INFO::Epoch: 0
tensor([[0.5000, 0.5000, 0.5000, 0.5000],
        [0.5000, 0.5000, 0.5000, 0.5000],
        [0.5000, 0.5000, 0.5000, 0.5000],
        [0.5000, 0.5000, 0.5000, 0.5000],
        [0.5000, 0.5000, 0.5000, 0.5000],
        [0.5000, 0.5000, 0.5000, 0.5000],
        [0.5000, 0.5000, 0.5000, 0.5000],
        [0.5000, 0.5000, 0.5000, 0.5000],
        [0.5000, 0.5000, 0.5000, 0.5000],
        [0.5000, 0.5000, 0.5000, 0.5000],
        [0.5000, 0.5000, 0.5000, 0.5000],
        [0.5000, 0.5000, 0.5000, 0.5000]], device='cuda:0', requires_grad=True)
2022-07-17 08:07:24,713:INFO::its now!!!!!!!!5
2022-07-17 08:07:24,784:INFO::its now!!!!!!!!0
2022-07-17 08:07:24,785:INFO::its now!!!!!!!!3
2022-07-17 08:07:24,854:INFO::its now!!!!!!!!5
2022-07-17 08:07:24,921:INFO::its now!!!!!!!!
2022-07-17 08:07:24,921:INFO::its now!!!!!!!! on 
2022-07-17 08:07:25,010:INFO::its now!!!!!!!!5
2022-07-17 08:07:25,069:INFO::save_dir_name: simpleHGN_nasp_egreedy0_C12_useDmon_coef0.4_Adam_gcn.ppnp.mean.one-hot_noTypeLinear_011_64_shared_ops_lr0.0005_wd0.0001_use5seeds_use_adam_patience-8_30_not_use_skip
2022-07-17 08:07:25,071:INFO::Epoch 00000 | lr 0.00050 | Train_Loss 1.1905 | Train_Classification_Loss 1.1981 | Dmon_Loss -0.0189 | Val_Loss 1.1790 | Search Time(s) 0.3025 | Infer Time(s) 0.0601 | Time(s) 0.3626 
2022-07-17 08:07:25,092:INFO::cluster info:
0: -1;	1: -1;	2: -1;	3: -1;	4: -1;	5: -1;	6: -1;	7: -1;	8: -1;	9: -1;	10: -1;	11: -1;	12: -1;	13: -1;	14: -1;	15: -1;	16: -1;	17: -1;	18: -1;	19: -1;	20: -1;	21: -1;	22: -1;	23: -1;	24: -1;	25: -1;	26: -1;	27: -1;	28: -1;	29: -1;	30: -1;	31: -1;	32: -1;	33: -1;	34: -1;	35: -1;	36: -1;	37: -1;	38: -1
913: 5;	10914: 11;	10915: 1;	10916: 11;	10917: 5;	10918: 11;	10919: 5;	10920: 11;	10921: 10;	10922: 11;	10923: 0;	10924: 11;	10925: 11;	10926: 7;	10927: 7;	10928: 6;	10929: 5;	10930: 3;	10931: 10;	10932: 5;	10933: 3;	10934: 6;	10935: 3;	10936: 11;	10937: 11;	10938: 11;	10939: 1;	10940: 7;	10941: 1;	
2022-07-17 08:07:25,099:INFO::Epoch: 1
tensor([[0.5050, 0.5050, 0.5050, 0.5050],
        [0.5050, 0.5050, 0.5050, 0.5050],
        [0.4950, 0.5050, 0.5050, 0.5050],
        [0.4950, 0.5050, 0.5050, 0.5050],
        [0.5050, 0.5050, 0.5050, 0.5050],
        [0.5050, 0.5050, 0.5050, 0.5050],
        [0.5050, 0.5050, 0.5050, 0.5050],
        [0.4950, 0.5050, 0.5050, 0.5050],
        [0.5050, 0.5050, 0.5050, 0.5050],
        [0.4950, 0.5050, 0.5050, 0.5050],
        [0.4950, 0.5050, 0.5050, 0.5050],
        [0.4950, 0.5050, 0.5050, 0.5050]], device='cuda:0', requires_grad=True)
2022-07-17 08:07:25,100:INFO::its now!!!!!!!!5
2022-07-17 08:07:25,165:INFO::its now!!!!!!!!0
2022-07-17 08:07:25,166:INFO::its now!!!!!!!!3
2022-07-17 08:07:25,236:INFO::its now!!!!!!!!5
2022-07-17 08:07:25,301:INFO::its now!!!!!!!!
2022-07-17 08:07:25,301:INFO::its now!!!!!!!! on 
2022-07-17 08:07:25,388:INFO::its now!!!!!!!!5
2022-07-17 08:07:25,449:INFO::save_dir_name: simpleHGN_nasp_egreedy0_C12_useDmon_coef0.4_Adam_gcn.ppnp.mean.one-hot_noTypeLinear_011_64_shared_ops_lr0.0005_wd0.0001_use5seeds_use_adam_patience-8_30_not_use_skip
2022-07-17 08:07:25,449:INFO::Epoch 00001 | lr 0.00050 | Train_Loss 1.1625 | Train_Classification_Loss 1.1701 | Dmon_Loss -0.0189 | Val_Loss 1.0909 | Search Time(s) 0.2938 | Infer Time(s) 0.0614 | Time(s) 0.3552 
2022-07-17 08:07:25,470:INFO::cluster info:
0: -1;	1: -1;	2: -1;	3: -1;	4: -1;	5: -1;	6: -1;	7: -1;	8: -1;	9: -1;	10: -1;	11: -1;	12: -1;	13: -1;	14: -1;	15: -1;	16: -1;	17: -1;	18: -1;	19: -1;	20: -1;	21: -1;	22: -1;	23: -1;	24: -1;	25: -1;	26: -1;	27: -1;	28: -1;	29: -1;	30: -1;	31: -1;	32: -1;	33: -1;	34: -1;	35: -1;	36: -1;	37: -1;	38: -1
;	10913: 3;	10914: 3;	10915: 5;	10916: 6;	10917: 7;	10918: 5;	10919: 5;	10920: 5;	10921: 5;	10922: 11;	10923: 5;	10924: 7;	10925: 11;	10926: 11;	10927: 10;	10928: 11;	10929: 11;	10930: 3;	10931: 11;	10932: 5;	10933: 7;	10934: 0;	10935: 5;	10936: 10;	10937: 5;	10938: 3;	10939: 5;	10940: 5;	10941: 6;	
2022-07-17 08:07:25,471:INFO::Validation loss decreased (inf --> 1.090859).  Saving model ...
2022-07-17 08:07:25,474:INFO::Epoch: 2
tensor([[0.5047, 0.5009, 0.5009, 0.5009],
        [0.5044, 0.5009, 0.5009, 0.5009],
        [0.4900, 0.5074, 0.5009, 0.5009],
        [0.4899, 0.5081, 0.5009, 0.5009],
        [0.5075, 0.5009, 0.5009, 0.5009],
        [0.5051, 0.5009, 0.5009, 0.5009],
        [0.5004, 0.5071, 0.5009, 0.5009],
        [0.4901, 0.5069, 0.5009, 0.5009],
        [0.5074, 0.5009, 0.5009, 0.5009],
        [0.4897, 0.5072, 0.5009, 0.5009],
        [0.4900, 0.5065, 0.5009, 0.5009],
        [0.4903, 0.5083, 0.5009, 0.5009]], device='cuda:0', requires_grad=True)
2022-07-17 08:07:25,474:INFO::its now!!!!!!!!5
2022-07-17 08:07:25,528:INFO::its now!!!!!!!!0
2022-07-17 08:07:25,529:INFO::its now!!!!!!!!3
2022-07-17 08:07:25,599:INFO::its now!!!!!!!!5
2022-07-17 08:07:25,665:INFO::its now!!!!!!!!
2022-07-17 08:07:25,665:INFO::its now!!!!!!!! on 
2022-07-17 08:07:25,748:INFO::its now!!!!!!!!5
2022-07-17 08:07:25,806:INFO::save_dir_name: simpleHGN_nasp_egreedy0_C12_useDmon_coef0.4_Adam_gcn.ppnp.mean.one-hot_noTypeLinear_011_64_shared_ops_lr0.0005_wd0.0001_use5seeds_use_adam_patience-8_30_not_use_skip
2022-07-17 08:07:25,807:INFO::Epoch 00002 | lr 0.00050 | Train_Loss 1.1010 | Train_Classification_Loss 1.1088 | Dmon_Loss -0.0195 | Val_Loss 1.0685 | Search Time(s) 0.2760 | Infer Time(s) 0.0593 | Time(s) 0.3354 
2022-07-17 08:07:25,828:INFO::cluster info:
0: -1;	1: -1;	2: -1;	3: -1;	4: -1;	5: -1;	6: -1;	7: -1;	8: -1;	9: -1;	10: -1;	11: -1;	12: -1;	13: -1;	14: -1;	15: -1;	16: -1;	17: -1;	18: -1;	19: -1;	20: -1;	21: -1;	22: -1;	23: -1;	24: -1;	25: -1;	26: -1;	27: -1;	28: -1;	29: -1;	30: -1;	31: -1;	32: -1;	33: -1;	34: -1;	35: -1;	36: -1;	37: -1;	38: -1
10913: 3;	10914: 11;	10915: 11;	10916: 11;	10917: 2;	10918: 5;	10919: 5;	10920: 5;	10921: 11;	10922: 5;	10923: 0;	10924: 7;	10925: 5;	10926: 5;	10927: 11;	10928: 7;	10929: 5;	10930: 11;	10931: 10;	10932: 11;	10933: 5;	10934: 0;	10935: 11;	10936: 11;	10937: 5;	10938: 7;	10939: 3;	10940: 7;	10941: 7;	
2022-07-17 08:07:25,829:INFO::Validation loss decreased (1.090859 --> 1.068522).  Saving model ...
2022-07-17 08:07:25,834:INFO::Epoch: 3
tensor([[0.5019, 0.4956, 0.4956, 0.4956],
        [0.5042, 0.4956, 0.4956, 0.4956],
        [0.4844, 0.5085, 0.4956, 0.4956],
        [0.4843, 0.5101, 0.4956, 0.4956],
        [0.5088, 0.4956, 0.4956, 0.4956],
        [0.5062, 0.4956, 0.4956, 0.4956],
        [0.4949, 0.5094, 0.4956, 0.4956],
        [0.4845, 0.5082, 0.4956, 0.4956],
        [0.5087, 0.4956, 0.4956, 0.4956],
        [0.4841, 0.5081, 0.4956, 0.4956],
        [0.4845, 0.5083, 0.4956, 0.4956],
        [0.4847, 0.5131, 0.4956, 0.4956]], device='cuda:0', requires_grad=True)
2022-07-17 08:07:25,835:INFO::its now!!!!!!!!5
2022-07-17 08:07:25,896:INFO::its now!!!!!!!!0
2022-07-17 08:07:25,897:INFO::its now!!!!!!!!3
2022-07-17 08:07:25,967:INFO::its now!!!!!!!!5
2022-07-17 08:07:26,034:INFO::its now!!!!!!!!
2022-07-17 08:07:26,034:INFO::its now!!!!!!!! on 
2022-07-17 08:07:26,118:INFO::its now!!!!!!!!5
2022-07-17 08:07:26,178:INFO::Epoch 00003 | lr 0.00050 | Train_Loss 1.0861 | Train_Classification_Loss 1.0941 | Dmon_Loss -0.0200 | Val_Loss 1.0749 | Search Time(s) 0.2878 | Infer Time(s) 0.0613 | Time(s) 0.3491 
2022-07-17 08:07:26,200:INFO::cluster info:
0: -1;	1: -1;	2: -1;	3: -1;	4: -1;	5: -1;	6: -1;	7: -1;	8: -1;	9: -1;	10: -1;	11: -1;	12: -1;	13: -1;	14: -1;	15: -1;	16: -1;	17: -1;	18: -1;	19: -1;	20: -1;	21: -1;	22: -1;	23: -1;	24: -1;	25: -1;	26: -1;	27: -1;	28: -1;	29: -1;	30: -1;	31: -1;	32: -1;	33: -1;	34: -1;	35: -1;	36: -1;	37: -1;	38: -1
5;	10913: 3;	10914: 7;	10915: 1;	10916: 11;	10917: 10;	10918: 11;	10919: 5;	10920: 5;	10921: 3;	10922: 5;	10923: 7;	10924: 11;	10925: 5;	10926: 11;	10927: 5;	10928: 11;	10929: 5;	10930: 6;	10931: 1;	10932: 3;	10933: 3;	10934: 6;	10935: 0;	10936: 10;	10937: 5;	10938: 1;	10939: 6;	10940: 7;	10941: 0;	
2022-07-17 08:07:26,200:INFO::EarlyStopping counter: 1 out of 8
2022-07-17 08:07:26,203:INFO::Epoch: 4
tensor([[0.5000, 0.4902, 0.4902, 0.4902],
        [0.5040, 0.4902, 0.4902, 0.4902],
        [0.4789, 0.5091, 0.4902, 0.4902],
        [0.4788, 0.5112, 0.4902, 0.4902],
        [0.5088, 0.4902, 0.4902, 0.4902],
        [0.5026, 0.4902, 0.4902, 0.4902],
        [0.4894, 0.5105, 0.4902, 0.4902],
        [0.4790, 0.5092, 0.4902, 0.4902],
        [0.5094, 0.4902, 0.4902, 0.4902],
        [0.4786, 0.5086, 0.4902, 0.4902],
        [0.4790, 0.5105, 0.4902, 0.4902],
        [0.4793, 0.5167, 0.4902, 0.4902]], device='cuda:0', requires_grad=True)
2022-07-17 08:07:26,204:INFO::its now!!!!!!!!5
2022-07-17 08:07:26,259:INFO::its now!!!!!!!!0
2022-07-17 08:07:26,260:INFO::its now!!!!!!!!3
2022-07-17 08:07:26,330:INFO::its now!!!!!!!!5
2022-07-17 08:07:26,397:INFO::its now!!!!!!!!
2022-07-17 08:07:26,397:INFO::its now!!!!!!!! on 
2022-07-17 08:07:26,480:INFO::its now!!!!!!!!5
2022-07-17 08:07:26,540:INFO::Epoch 00004 | lr 0.00050 | Train_Loss 1.0849 | Train_Classification_Loss 1.0928 | Dmon_Loss -0.0198 | Val_Loss 1.0823 | Search Time(s) 0.2787 | Infer Time(s) 0.0608 | Time(s) 0.3394 
2022-07-17 08:07:26,562:INFO::cluster info:
0: -1;	1: -1;	2: -1;	3: -1;	4: -1;	5: -1;	6: -1;	7: -1;	8: -1;	9: -1;	10: -1;	11: -1;	12: -1;	13: -1;	14: -1;	15: -1;	16: -1;	17: -1;	18: -1;	19: -1;	20: -1;	21: -1;	22: -1;	23: -1;	24: -1;	25: -1;	26: -1;	27: -1;	28: -1;	29: -1;	30: -1;	31: -1;	32: -1;	33: -1;	34: -1;	35: -1;	36: -1;	37: -1;	38: -1
	10913: 4;	10914: 5;	10915: 5;	10916: 5;	10917: 5;	10918: 5;	10919: 5;	10920: 11;	10921: 11;	10922: 5;	10923: 10;	10924: 6;	10925: 5;	10926: 4;	10927: 3;	10928: 10;	10929: 11;	10930: 10;	10931: 1;	10932: 10;	10933: 7;	10934: 5;	10935: 10;	10936: 3;	10937: 10;	10938: 3;	10939: 3;	10940: 3;	10941: 7;	
2022-07-17 08:07:26,562:INFO::EarlyStopping counter: 2 out of 8
2022-07-17 08:07:26,568:INFO::Epoch: 5
tensor([[0.4968, 0.4917, 0.4917, 0.4917],
        [0.5039, 0.4917, 0.4917, 0.4917],
        [0.4804, 0.5094, 0.4917, 0.4917],
        [0.4802, 0.5106, 0.4917, 0.4917],
        [0.5088, 0.4917, 0.4917, 0.4917],
        [0.4978, 0.4917, 0.4917, 0.4917],
        [0.4909, 0.5110, 0.4917, 0.4917],
        [0.4805, 0.5093, 0.4917, 0.4917],
        [0.5097, 0.4917, 0.4917, 0.4917],
        [0.4800, 0.5090, 0.4917, 0.4917],
        [0.4804, 0.5114, 0.4917, 0.4917],
        [0.4808, 0.5170, 0.4917, 0.4917]], device='cuda:0', requires_grad=True)
2022-07-17 08:07:26,569:INFO::its now!!!!!!!!5
2022-07-17 08:07:26,630:INFO::its now!!!!!!!!0
2022-07-17 08:07:26,631:INFO::its now!!!!!!!!3
2022-07-17 08:07:26,701:INFO::its now!!!!!!!!5
2022-07-17 08:07:26,768:INFO::its now!!!!!!!!
2022-07-17 08:07:26,769:INFO::its now!!!!!!!! on 
2022-07-17 08:07:26,852:INFO::its now!!!!!!!!5
2022-07-17 08:07:26,917:INFO::Epoch 00005 | lr 0.00050 | Train_Loss 1.0787 | Train_Classification_Loss 1.0864 | Dmon_Loss -0.0192 | Val_Loss 1.0831 | Search Time(s) 0.2881 | Infer Time(s) 0.0666 | Time(s) 0.3547 
